[2025-08-03T00:25:25.599+0000] {taskinstance.py:1157} INFO - Dependencies all met for dep_context=non-requeueable deps ti=<TaskInstance: simple_nyc_taxi_etl.process_data_simple scheduled__2025-08-02T18:25:20.064022+00:00 [queued]>
[2025-08-03T00:25:25.667+0000] {taskinstance.py:1157} INFO - Dependencies all met for dep_context=requeueable deps ti=<TaskInstance: simple_nyc_taxi_etl.process_data_simple scheduled__2025-08-02T18:25:20.064022+00:00 [queued]>
[2025-08-03T00:25:25.672+0000] {taskinstance.py:1359} INFO - Starting attempt 1 of 2
[2025-08-03T00:25:25.881+0000] {taskinstance.py:1380} INFO - Executing <Task(BashOperator): process_data_simple> on 2025-08-02 18:25:20.064022+00:00
[2025-08-03T00:25:25.895+0000] {standard_task_runner.py:57} INFO - Started process 978 to run task
[2025-08-03T00:25:25.900+0000] {standard_task_runner.py:84} INFO - Running: ['***', 'tasks', 'run', 'simple_nyc_taxi_etl', 'process_data_simple', 'scheduled__2025-08-02T18:25:20.064022+00:00', '--job-id', '11', '--raw', '--subdir', 'DAGS_FOLDER/simple_nyc_taxi_etl.py', '--cfg-path', '/tmp/tmp2llrk6n0']
[2025-08-03T00:25:25.909+0000] {standard_task_runner.py:85} INFO - Job 11: Subtask process_data_simple
[2025-08-03T00:25:26.015+0000] {task_command.py:415} INFO - Running <TaskInstance: simple_nyc_taxi_etl.process_data_simple scheduled__2025-08-02T18:25:20.064022+00:00 [running]> on host 6fb539098074
[2025-08-03T00:25:26.101+0000] {taskinstance.py:1660} INFO - Exporting env vars: AIRFLOW_CTX_DAG_OWNER='data-engineering' AIRFLOW_CTX_DAG_ID='simple_nyc_taxi_etl' AIRFLOW_CTX_TASK_ID='process_data_simple' AIRFLOW_CTX_EXECUTION_DATE='2025-08-02T18:25:20.064022+00:00' AIRFLOW_CTX_TRY_NUMBER='1' AIRFLOW_CTX_DAG_RUN_ID='scheduled__2025-08-02T18:25:20.064022+00:00'
[2025-08-03T00:25:26.103+0000] {subprocess.py:63} INFO - Tmp dir root location: /tmp
[2025-08-03T00:25:26.104+0000] {subprocess.py:75} INFO - Running command: ['/bin/bash', '-c', '\n    echo "Processing taxi data..."\n    DATA_FILE="/opt/***/data/raw/taxi_data_$(date +%Y%m%d_%H).json"\n    OUTPUT_DIR="/opt/***/data/processed"\n    mkdir -p $OUTPUT_DIR\n    \n    # Simple data processing using jq\n    if [ -f "$DATA_FILE" ]; then\n        echo "Processing file: $DATA_FILE"\n        \n        # Extract summary statistics\n        jq \'[.[] | .fare_amount] | add / length\' $DATA_FILE > $OUTPUT_DIR/avg_fare.txt\n        jq \'[.[] | .trip_distance] | add / length\' $DATA_FILE > $OUTPUT_DIR/avg_distance.txt\n        jq \'length\' $DATA_FILE > $OUTPUT_DIR/total_trips.txt\n        \n        echo "Summary statistics generated:"\n        echo "Average fare: $(cat $OUTPUT_DIR/avg_fare.txt)"\n        echo "Average distance: $(cat $OUTPUT_DIR/avg_distance.txt)"\n        echo "Total trips: $(cat $OUTPUT_DIR/total_trips.txt)"\n    else\n        echo "Data file not found: $DATA_FILE"\n        exit 1\n    fi\n    ']
[2025-08-03T00:25:26.116+0000] {subprocess.py:86} INFO - Output:
[2025-08-03T00:25:26.128+0000] {subprocess.py:93} INFO - Processing taxi data...
[2025-08-03T00:25:26.149+0000] {subprocess.py:93} INFO - Processing file: /opt/***/data/raw/taxi_data_20250803_00.json
[2025-08-03T00:25:26.155+0000] {subprocess.py:93} INFO - /bin/bash: line 12: jq: command not found
[2025-08-03T00:25:26.158+0000] {subprocess.py:93} INFO - /bin/bash: line 13: jq: command not found
[2025-08-03T00:25:26.160+0000] {subprocess.py:93} INFO - /bin/bash: line 14: jq: command not found
[2025-08-03T00:25:26.161+0000] {subprocess.py:93} INFO - Summary statistics generated:
[2025-08-03T00:25:26.165+0000] {subprocess.py:93} INFO - Average fare:
[2025-08-03T00:25:26.167+0000] {subprocess.py:93} INFO - Average distance:
[2025-08-03T00:25:26.168+0000] {subprocess.py:93} INFO - Total trips:
[2025-08-03T00:25:26.168+0000] {subprocess.py:97} INFO - Command exited with return code 0
[2025-08-03T00:25:26.198+0000] {taskinstance.py:1398} INFO - Marking task as SUCCESS. dag_id=simple_nyc_taxi_etl, task_id=process_data_simple, execution_date=20250802T182520, start_date=20250803T002525, end_date=20250803T002526
[2025-08-03T00:25:26.247+0000] {local_task_job_runner.py:228} INFO - Task exited with return code 0
[2025-08-03T00:25:26.265+0000] {taskinstance.py:2776} INFO - 0 downstream tasks scheduled from follow-on schedule check
