[2025-08-02T21:59:05.994+0000] {processor.py:157} INFO - Started process (PID=198) to work on /opt/airflow/dags/nyc_taxi_iceberg_etl.py
[2025-08-02T21:59:05.995+0000] {processor.py:829} INFO - Processing file /opt/airflow/dags/nyc_taxi_iceberg_etl.py for tasks to queue
[2025-08-02T21:59:05.999+0000] {logging_mixin.py:151} INFO - [2025-08-02T21:59:05.998+0000] {dagbag.py:539} INFO - Filling up the DagBag from /opt/airflow/dags/nyc_taxi_iceberg_etl.py
[2025-08-02T21:59:06.400+0000] {processor.py:839} INFO - DAG(s) dict_keys(['nyc_taxi_iceberg_etl']) retrieved from /opt/airflow/dags/nyc_taxi_iceberg_etl.py
[2025-08-02T21:59:06.665+0000] {logging_mixin.py:151} INFO - [2025-08-02T21:59:06.664+0000] {security.py:708} INFO - Not syncing DAG-level permissions for DAG 'DAG:nyc_taxi_iceberg_etl' as access control is unset.
[2025-08-02T21:59:06.665+0000] {logging_mixin.py:151} INFO - [2025-08-02T21:59:06.665+0000] {dag.py:2915} INFO - Sync 1 DAGs
[2025-08-02T21:59:06.676+0000] {logging_mixin.py:151} INFO - [2025-08-02T21:59:06.676+0000] {dag.py:3696} INFO - Setting next_dagrun for nyc_taxi_iceberg_etl to 2025-08-02T15:59:06.676670+00:00, run_after=2025-08-02T21:59:06.676670+00:00
[2025-08-02T21:59:06.686+0000] {processor.py:179} INFO - Processing /opt/airflow/dags/nyc_taxi_iceberg_etl.py took 0.697 seconds
[2025-08-02T23:57:00.856+0000] {processor.py:157} INFO - Started process (PID=206) to work on /opt/airflow/dags/nyc_taxi_iceberg_etl.py
[2025-08-02T23:57:00.857+0000] {processor.py:829} INFO - Processing file /opt/airflow/dags/nyc_taxi_iceberg_etl.py for tasks to queue
[2025-08-02T23:57:00.859+0000] {logging_mixin.py:151} INFO - [2025-08-02T23:57:00.858+0000] {dagbag.py:539} INFO - Filling up the DagBag from /opt/airflow/dags/nyc_taxi_iceberg_etl.py
[2025-08-02T23:57:01.247+0000] {processor.py:839} INFO - DAG(s) dict_keys(['nyc_taxi_iceberg_etl']) retrieved from /opt/airflow/dags/nyc_taxi_iceberg_etl.py
[2025-08-02T23:57:01.489+0000] {logging_mixin.py:151} INFO - [2025-08-02T23:57:01.489+0000] {security.py:708} INFO - Not syncing DAG-level permissions for DAG 'DAG:nyc_taxi_iceberg_etl' as access control is unset.
[2025-08-02T23:57:01.489+0000] {logging_mixin.py:151} INFO - [2025-08-02T23:57:01.489+0000] {dag.py:2915} INFO - Sync 1 DAGs
[2025-08-02T23:57:01.504+0000] {logging_mixin.py:151} INFO - [2025-08-02T23:57:01.503+0000] {dag.py:3696} INFO - Setting next_dagrun for nyc_taxi_iceberg_etl to 2025-08-02T17:57:01.503701+00:00, run_after=2025-08-02T23:57:01.503701+00:00
[2025-08-02T23:57:01.521+0000] {processor.py:179} INFO - Processing /opt/airflow/dags/nyc_taxi_iceberg_etl.py took 0.668 seconds
[2025-08-02T23:57:31.653+0000] {processor.py:157} INFO - Started process (PID=241) to work on /opt/airflow/dags/nyc_taxi_iceberg_etl.py
[2025-08-02T23:57:31.653+0000] {processor.py:829} INFO - Processing file /opt/airflow/dags/nyc_taxi_iceberg_etl.py for tasks to queue
[2025-08-02T23:57:31.654+0000] {logging_mixin.py:151} INFO - [2025-08-02T23:57:31.654+0000] {dagbag.py:539} INFO - Filling up the DagBag from /opt/airflow/dags/nyc_taxi_iceberg_etl.py
[2025-08-02T23:57:31.784+0000] {processor.py:839} INFO - DAG(s) dict_keys(['nyc_taxi_iceberg_etl']) retrieved from /opt/airflow/dags/nyc_taxi_iceberg_etl.py
[2025-08-02T23:57:31.800+0000] {logging_mixin.py:151} INFO - [2025-08-02T23:57:31.800+0000] {dag.py:2915} INFO - Sync 1 DAGs
[2025-08-02T23:57:31.898+0000] {logging_mixin.py:151} INFO - [2025-08-02T23:57:31.898+0000] {dag.py:3696} INFO - Setting next_dagrun for nyc_taxi_iceberg_etl to 2025-08-02T17:57:31.898704+00:00, run_after=2025-08-02T23:57:31.898704+00:00
[2025-08-02T23:57:31.905+0000] {processor.py:179} INFO - Processing /opt/airflow/dags/nyc_taxi_iceberg_etl.py took 0.254 seconds
[2025-08-02T23:58:02.451+0000] {processor.py:157} INFO - Started process (PID=278) to work on /opt/airflow/dags/nyc_taxi_iceberg_etl.py
[2025-08-02T23:58:02.451+0000] {processor.py:829} INFO - Processing file /opt/airflow/dags/nyc_taxi_iceberg_etl.py for tasks to queue
[2025-08-02T23:58:02.452+0000] {logging_mixin.py:151} INFO - [2025-08-02T23:58:02.452+0000] {dagbag.py:539} INFO - Filling up the DagBag from /opt/airflow/dags/nyc_taxi_iceberg_etl.py
[2025-08-02T23:58:02.664+0000] {processor.py:839} INFO - DAG(s) dict_keys(['nyc_taxi_iceberg_etl']) retrieved from /opt/airflow/dags/nyc_taxi_iceberg_etl.py
[2025-08-02T23:58:02.675+0000] {logging_mixin.py:151} INFO - [2025-08-02T23:58:02.675+0000] {dag.py:2915} INFO - Sync 1 DAGs
[2025-08-02T23:58:02.681+0000] {logging_mixin.py:151} INFO - [2025-08-02T23:58:02.681+0000] {dag.py:3696} INFO - Setting next_dagrun for nyc_taxi_iceberg_etl to 2025-08-02T17:58:02.681515+00:00, run_after=2025-08-02T23:58:02.681515+00:00
[2025-08-02T23:58:02.687+0000] {processor.py:179} INFO - Processing /opt/airflow/dags/nyc_taxi_iceberg_etl.py took 0.237 seconds
[2025-08-02T23:58:33.182+0000] {processor.py:157} INFO - Started process (PID=318) to work on /opt/airflow/dags/nyc_taxi_iceberg_etl.py
[2025-08-02T23:58:33.183+0000] {processor.py:829} INFO - Processing file /opt/airflow/dags/nyc_taxi_iceberg_etl.py for tasks to queue
[2025-08-02T23:58:33.183+0000] {logging_mixin.py:151} INFO - [2025-08-02T23:58:33.183+0000] {dagbag.py:539} INFO - Filling up the DagBag from /opt/airflow/dags/nyc_taxi_iceberg_etl.py
[2025-08-02T23:58:33.300+0000] {processor.py:839} INFO - DAG(s) dict_keys(['nyc_taxi_iceberg_etl']) retrieved from /opt/airflow/dags/nyc_taxi_iceberg_etl.py
[2025-08-02T23:58:33.317+0000] {logging_mixin.py:151} INFO - [2025-08-02T23:58:33.317+0000] {dag.py:2915} INFO - Sync 1 DAGs
[2025-08-02T23:58:33.400+0000] {logging_mixin.py:151} INFO - [2025-08-02T23:58:33.400+0000] {dag.py:3696} INFO - Setting next_dagrun for nyc_taxi_iceberg_etl to 2025-08-02T17:58:33.400406+00:00, run_after=2025-08-02T23:58:33.400406+00:00
[2025-08-02T23:58:33.406+0000] {processor.py:179} INFO - Processing /opt/airflow/dags/nyc_taxi_iceberg_etl.py took 0.225 seconds
[2025-08-02T23:59:03.853+0000] {processor.py:157} INFO - Started process (PID=352) to work on /opt/airflow/dags/nyc_taxi_iceberg_etl.py
[2025-08-02T23:59:03.854+0000] {processor.py:829} INFO - Processing file /opt/airflow/dags/nyc_taxi_iceberg_etl.py for tasks to queue
[2025-08-02T23:59:03.855+0000] {logging_mixin.py:151} INFO - [2025-08-02T23:59:03.855+0000] {dagbag.py:539} INFO - Filling up the DagBag from /opt/airflow/dags/nyc_taxi_iceberg_etl.py
[2025-08-02T23:59:04.037+0000] {processor.py:839} INFO - DAG(s) dict_keys(['nyc_taxi_iceberg_etl']) retrieved from /opt/airflow/dags/nyc_taxi_iceberg_etl.py
[2025-08-02T23:59:04.049+0000] {logging_mixin.py:151} INFO - [2025-08-02T23:59:04.049+0000] {dag.py:2915} INFO - Sync 1 DAGs
[2025-08-02T23:59:04.055+0000] {logging_mixin.py:151} INFO - [2025-08-02T23:59:04.055+0000] {dag.py:3696} INFO - Setting next_dagrun for nyc_taxi_iceberg_etl to 2025-08-02T17:59:04.055482+00:00, run_after=2025-08-02T23:59:04.055482+00:00
[2025-08-02T23:59:04.061+0000] {processor.py:179} INFO - Processing /opt/airflow/dags/nyc_taxi_iceberg_etl.py took 0.213 seconds
[2025-08-02T23:59:34.501+0000] {processor.py:157} INFO - Started process (PID=387) to work on /opt/airflow/dags/nyc_taxi_iceberg_etl.py
[2025-08-02T23:59:34.501+0000] {processor.py:829} INFO - Processing file /opt/airflow/dags/nyc_taxi_iceberg_etl.py for tasks to queue
[2025-08-02T23:59:34.502+0000] {logging_mixin.py:151} INFO - [2025-08-02T23:59:34.502+0000] {dagbag.py:539} INFO - Filling up the DagBag from /opt/airflow/dags/nyc_taxi_iceberg_etl.py
[2025-08-02T23:59:34.605+0000] {processor.py:839} INFO - DAG(s) dict_keys(['nyc_taxi_iceberg_etl']) retrieved from /opt/airflow/dags/nyc_taxi_iceberg_etl.py
[2025-08-02T23:59:34.677+0000] {logging_mixin.py:151} INFO - [2025-08-02T23:59:34.677+0000] {dag.py:2915} INFO - Sync 1 DAGs
[2025-08-02T23:59:34.685+0000] {logging_mixin.py:151} INFO - [2025-08-02T23:59:34.685+0000] {dag.py:3696} INFO - Setting next_dagrun for nyc_taxi_iceberg_etl to 2025-08-02T17:59:34.685819+00:00, run_after=2025-08-02T23:59:34.685819+00:00
[2025-08-02T23:59:34.691+0000] {processor.py:179} INFO - Processing /opt/airflow/dags/nyc_taxi_iceberg_etl.py took 0.192 seconds
