[2025-08-02T21:59:02.381+0000] {processor.py:157} INFO - Started process (PID=186) to work on /opt/airflow/dags/simple_nyc_taxi_etl.py
[2025-08-02T21:59:02.389+0000] {processor.py:829} INFO - Processing file /opt/airflow/dags/simple_nyc_taxi_etl.py for tasks to queue
[2025-08-02T21:59:02.407+0000] {logging_mixin.py:151} INFO - [2025-08-02T21:59:02.406+0000] {dagbag.py:539} INFO - Filling up the DagBag from /opt/airflow/dags/simple_nyc_taxi_etl.py
[2025-08-02T21:59:04.629+0000] {processor.py:839} INFO - DAG(s) dict_keys(['simple_nyc_taxi_etl']) retrieved from /opt/airflow/dags/simple_nyc_taxi_etl.py
[2025-08-02T21:59:05.812+0000] {logging_mixin.py:151} INFO - [2025-08-02T21:59:05.811+0000] {security.py:708} INFO - Not syncing DAG-level permissions for DAG 'DAG:simple_nyc_taxi_etl' as access control is unset.
[2025-08-02T21:59:05.813+0000] {logging_mixin.py:151} INFO - [2025-08-02T21:59:05.813+0000] {dag.py:2915} INFO - Sync 1 DAGs
[2025-08-02T21:59:05.853+0000] {logging_mixin.py:151} INFO - [2025-08-02T21:59:05.852+0000] {dag.py:3696} INFO - Setting next_dagrun for simple_nyc_taxi_etl to 2025-08-02T15:59:05.851988+00:00, run_after=2025-08-02T21:59:05.851988+00:00
[2025-08-02T21:59:05.925+0000] {processor.py:179} INFO - Processing /opt/airflow/dags/simple_nyc_taxi_etl.py took 3.565 seconds
[2025-08-02T23:56:58.805+0000] {processor.py:157} INFO - Started process (PID=194) to work on /opt/airflow/dags/simple_nyc_taxi_etl.py
[2025-08-02T23:56:58.808+0000] {processor.py:829} INFO - Processing file /opt/airflow/dags/simple_nyc_taxi_etl.py for tasks to queue
[2025-08-02T23:56:58.817+0000] {logging_mixin.py:151} INFO - [2025-08-02T23:56:58.816+0000] {dagbag.py:539} INFO - Filling up the DagBag from /opt/airflow/dags/simple_nyc_taxi_etl.py
[2025-08-02T23:57:00.026+0000] {processor.py:839} INFO - DAG(s) dict_keys(['simple_nyc_taxi_etl']) retrieved from /opt/airflow/dags/simple_nyc_taxi_etl.py
[2025-08-02T23:57:00.703+0000] {logging_mixin.py:151} INFO - [2025-08-02T23:57:00.703+0000] {security.py:708} INFO - Not syncing DAG-level permissions for DAG 'DAG:simple_nyc_taxi_etl' as access control is unset.
[2025-08-02T23:57:00.705+0000] {logging_mixin.py:151} INFO - [2025-08-02T23:57:00.705+0000] {dag.py:2915} INFO - Sync 1 DAGs
[2025-08-02T23:57:00.727+0000] {logging_mixin.py:151} INFO - [2025-08-02T23:57:00.727+0000] {dag.py:3696} INFO - Setting next_dagrun for simple_nyc_taxi_etl to 2025-08-02T17:57:00.727564+00:00, run_after=2025-08-02T23:57:00.727564+00:00
[2025-08-02T23:57:00.777+0000] {processor.py:179} INFO - Processing /opt/airflow/dags/simple_nyc_taxi_etl.py took 1.976 seconds
[2025-08-02T23:57:31.258+0000] {processor.py:157} INFO - Started process (PID=229) to work on /opt/airflow/dags/simple_nyc_taxi_etl.py
[2025-08-02T23:57:31.259+0000] {processor.py:829} INFO - Processing file /opt/airflow/dags/simple_nyc_taxi_etl.py for tasks to queue
[2025-08-02T23:57:31.265+0000] {logging_mixin.py:151} INFO - [2025-08-02T23:57:31.264+0000] {dagbag.py:539} INFO - Filling up the DagBag from /opt/airflow/dags/simple_nyc_taxi_etl.py
[2025-08-02T23:57:31.505+0000] {processor.py:839} INFO - DAG(s) dict_keys(['simple_nyc_taxi_etl']) retrieved from /opt/airflow/dags/simple_nyc_taxi_etl.py
[2025-08-02T23:57:31.531+0000] {logging_mixin.py:151} INFO - [2025-08-02T23:57:31.530+0000] {dag.py:2915} INFO - Sync 1 DAGs
[2025-08-02T23:57:31.549+0000] {logging_mixin.py:151} INFO - [2025-08-02T23:57:31.548+0000] {dag.py:3696} INFO - Setting next_dagrun for simple_nyc_taxi_etl to 2025-08-02T17:57:31.548593+00:00, run_after=2025-08-02T23:57:31.548593+00:00
[2025-08-02T23:57:31.694+0000] {processor.py:179} INFO - Processing /opt/airflow/dags/simple_nyc_taxi_etl.py took 0.439 seconds
[2025-08-02T23:58:02.039+0000] {processor.py:157} INFO - Started process (PID=264) to work on /opt/airflow/dags/simple_nyc_taxi_etl.py
[2025-08-02T23:58:02.041+0000] {processor.py:829} INFO - Processing file /opt/airflow/dags/simple_nyc_taxi_etl.py for tasks to queue
[2025-08-02T23:58:02.044+0000] {logging_mixin.py:151} INFO - [2025-08-02T23:58:02.044+0000] {dagbag.py:539} INFO - Filling up the DagBag from /opt/airflow/dags/simple_nyc_taxi_etl.py
[2025-08-02T23:58:02.233+0000] {processor.py:839} INFO - DAG(s) dict_keys(['simple_nyc_taxi_etl']) retrieved from /opt/airflow/dags/simple_nyc_taxi_etl.py
[2025-08-02T23:58:02.376+0000] {logging_mixin.py:151} INFO - [2025-08-02T23:58:02.376+0000] {dag.py:2915} INFO - Sync 1 DAGs
[2025-08-02T23:58:02.385+0000] {logging_mixin.py:151} INFO - [2025-08-02T23:58:02.385+0000] {dag.py:3696} INFO - Setting next_dagrun for simple_nyc_taxi_etl to 2025-08-02T17:58:02.385004+00:00, run_after=2025-08-02T23:58:02.385004+00:00
[2025-08-02T23:58:02.392+0000] {processor.py:179} INFO - Processing /opt/airflow/dags/simple_nyc_taxi_etl.py took 0.361 seconds
[2025-08-02T23:58:32.721+0000] {processor.py:157} INFO - Started process (PID=299) to work on /opt/airflow/dags/simple_nyc_taxi_etl.py
[2025-08-02T23:58:32.722+0000] {processor.py:829} INFO - Processing file /opt/airflow/dags/simple_nyc_taxi_etl.py for tasks to queue
[2025-08-02T23:58:32.724+0000] {logging_mixin.py:151} INFO - [2025-08-02T23:58:32.724+0000] {dagbag.py:539} INFO - Filling up the DagBag from /opt/airflow/dags/simple_nyc_taxi_etl.py
[2025-08-02T23:58:32.908+0000] {processor.py:839} INFO - DAG(s) dict_keys(['simple_nyc_taxi_etl']) retrieved from /opt/airflow/dags/simple_nyc_taxi_etl.py
[2025-08-02T23:58:32.926+0000] {logging_mixin.py:151} INFO - [2025-08-02T23:58:32.926+0000] {dag.py:2915} INFO - Sync 1 DAGs
[2025-08-02T23:58:33.059+0000] {logging_mixin.py:151} INFO - [2025-08-02T23:58:33.059+0000] {dag.py:3696} INFO - Setting next_dagrun for simple_nyc_taxi_etl to 2025-08-02T17:58:33.059483+00:00, run_after=2025-08-02T23:58:33.059483+00:00
[2025-08-02T23:58:33.072+0000] {processor.py:179} INFO - Processing /opt/airflow/dags/simple_nyc_taxi_etl.py took 0.354 seconds
[2025-08-02T23:59:03.401+0000] {processor.py:157} INFO - Started process (PID=333) to work on /opt/airflow/dags/simple_nyc_taxi_etl.py
[2025-08-02T23:59:03.403+0000] {processor.py:829} INFO - Processing file /opt/airflow/dags/simple_nyc_taxi_etl.py for tasks to queue
[2025-08-02T23:59:03.407+0000] {logging_mixin.py:151} INFO - [2025-08-02T23:59:03.407+0000] {dagbag.py:539} INFO - Filling up the DagBag from /opt/airflow/dags/simple_nyc_taxi_etl.py
[2025-08-02T23:59:03.705+0000] {processor.py:839} INFO - DAG(s) dict_keys(['simple_nyc_taxi_etl']) retrieved from /opt/airflow/dags/simple_nyc_taxi_etl.py
[2025-08-02T23:59:03.728+0000] {logging_mixin.py:151} INFO - [2025-08-02T23:59:03.728+0000] {dag.py:2915} INFO - Sync 1 DAGs
[2025-08-02T23:59:03.740+0000] {logging_mixin.py:151} INFO - [2025-08-02T23:59:03.740+0000] {dag.py:3696} INFO - Setting next_dagrun for simple_nyc_taxi_etl to 2025-08-02T17:59:03.740155+00:00, run_after=2025-08-02T23:59:03.740155+00:00
[2025-08-02T23:59:03.748+0000] {processor.py:179} INFO - Processing /opt/airflow/dags/simple_nyc_taxi_etl.py took 0.353 seconds
[2025-08-02T23:59:34.063+0000] {processor.py:157} INFO - Started process (PID=368) to work on /opt/airflow/dags/simple_nyc_taxi_etl.py
[2025-08-02T23:59:34.064+0000] {processor.py:829} INFO - Processing file /opt/airflow/dags/simple_nyc_taxi_etl.py for tasks to queue
[2025-08-02T23:59:34.065+0000] {logging_mixin.py:151} INFO - [2025-08-02T23:59:34.065+0000] {dagbag.py:539} INFO - Filling up the DagBag from /opt/airflow/dags/simple_nyc_taxi_etl.py
[2025-08-02T23:59:34.363+0000] {processor.py:839} INFO - DAG(s) dict_keys(['simple_nyc_taxi_etl']) retrieved from /opt/airflow/dags/simple_nyc_taxi_etl.py
[2025-08-02T23:59:34.380+0000] {logging_mixin.py:151} INFO - [2025-08-02T23:59:34.380+0000] {dag.py:2915} INFO - Sync 1 DAGs
[2025-08-02T23:59:34.393+0000] {logging_mixin.py:151} INFO - [2025-08-02T23:59:34.393+0000] {dag.py:3696} INFO - Setting next_dagrun for simple_nyc_taxi_etl to 2025-08-02T17:59:34.393067+00:00, run_after=2025-08-02T23:59:34.393067+00:00
[2025-08-02T23:59:34.403+0000] {processor.py:179} INFO - Processing /opt/airflow/dags/simple_nyc_taxi_etl.py took 0.342 seconds
