[2025-08-03T06:25:26.078+0000] {taskinstance.py:1157} INFO - Dependencies all met for dep_context=non-requeueable deps ti=<TaskInstance: simple_nyc_taxi_etl.process_data_simple scheduled__2025-08-03T00:25:20.064022+00:00 [queued]>
[2025-08-03T06:25:26.088+0000] {taskinstance.py:1157} INFO - Dependencies all met for dep_context=requeueable deps ti=<TaskInstance: simple_nyc_taxi_etl.process_data_simple scheduled__2025-08-03T00:25:20.064022+00:00 [queued]>
[2025-08-03T06:25:26.088+0000] {taskinstance.py:1359} INFO - Starting attempt 1 of 2
[2025-08-03T06:25:26.180+0000] {taskinstance.py:1380} INFO - Executing <Task(BashOperator): process_data_simple> on 2025-08-03 00:25:20.064022+00:00
[2025-08-03T06:25:26.184+0000] {standard_task_runner.py:57} INFO - Started process 25113 to run task
[2025-08-03T06:25:26.188+0000] {standard_task_runner.py:84} INFO - Running: ['***', 'tasks', 'run', 'simple_nyc_taxi_etl', 'process_data_simple', 'scheduled__2025-08-03T00:25:20.064022+00:00', '--job-id', '69', '--raw', '--subdir', 'DAGS_FOLDER/simple_nyc_taxi_etl.py', '--cfg-path', '/tmp/tmpdf2pckc2']
[2025-08-03T06:25:26.191+0000] {standard_task_runner.py:85} INFO - Job 69: Subtask process_data_simple
[2025-08-03T06:25:26.269+0000] {task_command.py:415} INFO - Running <TaskInstance: simple_nyc_taxi_etl.process_data_simple scheduled__2025-08-03T00:25:20.064022+00:00 [running]> on host 114f606b1815
[2025-08-03T06:25:26.352+0000] {taskinstance.py:1660} INFO - Exporting env vars: AIRFLOW_CTX_DAG_OWNER='data-engineering' AIRFLOW_CTX_DAG_ID='simple_nyc_taxi_etl' AIRFLOW_CTX_TASK_ID='process_data_simple' AIRFLOW_CTX_EXECUTION_DATE='2025-08-03T00:25:20.064022+00:00' AIRFLOW_CTX_TRY_NUMBER='1' AIRFLOW_CTX_DAG_RUN_ID='scheduled__2025-08-03T00:25:20.064022+00:00'
[2025-08-03T06:25:26.354+0000] {subprocess.py:63} INFO - Tmp dir root location: /tmp
[2025-08-03T06:25:26.355+0000] {subprocess.py:75} INFO - Running command: ['/bin/bash', '-c', '\n    echo "Processing taxi data..."\n    DATA_FILE="/opt/***/data/raw/taxi_data_$(date +%Y%m%d_%H).json"\n    OUTPUT_DIR="/opt/***/data/processed"\n    mkdir -p $OUTPUT_DIR\n    \n    # Simple data processing using jq\n    if [ -f "$DATA_FILE" ]; then\n        echo "Processing file: $DATA_FILE"\n        \n        # Extract summary statistics\n        jq \'[.[] | .fare_amount] | add / length\' $DATA_FILE > $OUTPUT_DIR/avg_fare.txt\n        jq \'[.[] | .trip_distance] | add / length\' $DATA_FILE > $OUTPUT_DIR/avg_distance.txt\n        jq \'length\' $DATA_FILE > $OUTPUT_DIR/total_trips.txt\n        \n        echo "Summary statistics generated:"\n        echo "Average fare: $(cat $OUTPUT_DIR/avg_fare.txt)"\n        echo "Average distance: $(cat $OUTPUT_DIR/avg_distance.txt)"\n        echo "Total trips: $(cat $OUTPUT_DIR/total_trips.txt)"\n    else\n        echo "Data file not found: $DATA_FILE"\n        exit 1\n    fi\n    ']
[2025-08-03T06:25:26.362+0000] {subprocess.py:86} INFO - Output:
[2025-08-03T06:25:26.375+0000] {subprocess.py:93} INFO - Processing taxi data...
[2025-08-03T06:25:26.392+0000] {subprocess.py:93} INFO - Processing file: /opt/***/data/raw/taxi_data_20250803_06.json
[2025-08-03T06:25:26.394+0000] {subprocess.py:93} INFO - /bin/bash: line 12: jq: command not found
[2025-08-03T06:25:26.395+0000] {subprocess.py:93} INFO - /bin/bash: line 13: jq: command not found
[2025-08-03T06:25:26.396+0000] {subprocess.py:93} INFO - /bin/bash: line 14: jq: command not found
[2025-08-03T06:25:26.397+0000] {subprocess.py:93} INFO - Summary statistics generated:
[2025-08-03T06:25:26.399+0000] {subprocess.py:93} INFO - Average fare:
[2025-08-03T06:25:26.401+0000] {subprocess.py:93} INFO - Average distance:
[2025-08-03T06:25:26.402+0000] {subprocess.py:93} INFO - Total trips:
[2025-08-03T06:25:26.403+0000] {subprocess.py:97} INFO - Command exited with return code 0
[2025-08-03T06:25:26.433+0000] {taskinstance.py:1398} INFO - Marking task as SUCCESS. dag_id=simple_nyc_taxi_etl, task_id=process_data_simple, execution_date=20250803T002520, start_date=20250803T062526, end_date=20250803T062526
[2025-08-03T06:25:26.488+0000] {local_task_job_runner.py:228} INFO - Task exited with return code 0
[2025-08-03T06:25:26.505+0000] {taskinstance.py:2776} INFO - 0 downstream tasks scheduled from follow-on schedule check
